\BOOKMARK [0][-]{section*.2}{\376\377\000A\000c\000r\000o\000n\000y\000m\000s}{}% 1
\BOOKMARK [0][-]{chapter.1}{\376\377\000I\000n\000t\000r\000o\000d\000u\000c\000t\000i\000o\000n}{}% 2
\BOOKMARK [1][-]{section.1.1}{\376\377\000C\000o\000n\000t\000e\000x\000t}{chapter.1}% 3
\BOOKMARK [1][-]{section.1.2}{\376\377\000C\000o\000n\000t\000r\000i\000b\000u\000t\000i\000o\000n}{chapter.1}% 4
\BOOKMARK [1][-]{section.1.3}{\376\377\000O\000u\000t\000l\000i\000n\000e}{chapter.1}% 5
\BOOKMARK [0][-]{chapter.2}{\376\377\000B\000a\000c\000k\000g\000r\000o\000u\000n\000d}{}% 6
\BOOKMARK [1][-]{section.2.1}{\376\377\000M\000a\000l\000w\000a\000r\000e}{chapter.2}% 7
\BOOKMARK [2][-]{subsection.2.1.1}{\376\377\000C\000l\000a\000s\000s\000i\000f\000i\000c\000a\000t\000i\000o\000n}{section.2.1}% 8
\BOOKMARK [1][-]{section.2.2}{\376\377\000R\000e\000v\000e\000r\000s\000e\000\040\000E\000n\000g\000i\000n\000e\000e\000r\000i\000n\000g}{chapter.2}% 9
\BOOKMARK [1][-]{section.2.3}{\376\377\000S\000t\000a\000t\000i\000c\000\040\000A\000n\000a\000l\000y\000s\000i\000s}{chapter.2}% 10
\BOOKMARK [1][-]{section.2.4}{\376\377\000D\000y\000n\000a\000m\000i\000c\000\040\000A\000n\000a\000l\000y\000s\000i\000s}{chapter.2}% 11
\BOOKMARK [2][-]{subsection.2.4.1}{\376\377\000D\000e\000b\000u\000g\000g\000i\000n\000g}{section.2.4}% 12
\BOOKMARK [2][-]{subsection.2.4.2}{\376\377\000F\000u\000n\000c\000t\000i\000o\000n\000\040\000C\000a\000l\000l\000\040\000A\000n\000a\000l\000y\000s\000i\000s}{section.2.4}% 13
\BOOKMARK [2][-]{subsection.2.4.3}{\376\377\000D\000y\000n\000a\000m\000i\000c\000\040\000T\000a\000i\000n\000t\000\040\000A\000n\000a\000l\000y\000s\000i\000s}{section.2.4}% 14
\BOOKMARK [1][-]{section.2.5}{\376\377\000M\000i\000x\000e\000d\000\040\000A\000n\000a\000l\000y\000s\000i\000s\000\040\000T\000e\000c\000h\000n\000i\000q\000u\000e\000s}{chapter.2}% 15
\BOOKMARK [2][-]{subsection.2.5.1}{\376\377\000S\000y\000m\000b\000o\000l\000i\000c\000\040\000E\000x\000e\000c\000u\000t\000i\000o\000n}{section.2.5}% 16
\BOOKMARK [2][-]{subsection.2.5.2}{\376\377\000C\000o\000n\000c\000o\000l\000i\000c\000\040\000E\000x\000e\000c\000u\000t\000i\000o\000n}{section.2.5}% 17
\BOOKMARK [1][-]{section.2.6}{\376\377\000O\000b\000f\000u\000s\000c\000a\000t\000i\000o\000n\000\040\000T\000e\000c\000h\000n\000i\000q\000u\000e\000s}{chapter.2}% 18
\BOOKMARK [1][-]{section.2.7}{\376\377\000V\000E\000X\000\040\000-\000\040\000I\000n\000t\000e\000r\000m\000e\000d\000i\000a\000t\000e\000\040\000R\000e\000p\000r\000e\000s\000e\000n\000t\000a\000t\000i\000o\000n}{chapter.2}% 19
\BOOKMARK [0][-]{chapter.3}{\376\377\000S\000t\000a\000t\000e\000\040\000o\000f\000\040\000t\000h\000e\000\040\000A\000r\000t}{}% 20
\BOOKMARK [1][-]{section.3.1}{\376\377\000V\000i\000r\000t\000u\000a\000l\000i\000z\000a\000t\000i\000o\000n\000-\000b\000a\000s\000e\000d\000\040\000O\000b\000f\000u\000s\000c\000a\000t\000i\000o\000n}{chapter.3}% 21
\BOOKMARK [2][-]{subsection.3.1.1}{\376\377\000I\000n\000t\000e\000r\000n\000a\000l\000s}{section.3.1}% 22
\BOOKMARK [1][-]{section.3.2}{\376\377\000A\000c\000a\000d\000e\000m\000i\000c\000\040\000W\000o\000r\000k}{chapter.3}% 23
\BOOKMARK [2][-]{subsection.3.2.1}{\376\377\000S\000e\000m\000i\000-\000M\000a\000n\000u\000a\000l\000\040\000A\000p\000p\000r\000o\000a\000c\000h\000e\000s}{section.3.2}% 24
\BOOKMARK [2][-]{subsection.3.2.2}{\376\377\000T\000r\000a\000c\000e\000\040\000S\000i\000m\000p\000l\000i\000f\000i\000c\000a\000t\000i\000o\000n}{section.3.2}% 25
\BOOKMARK [2][-]{subsection.3.2.3}{\376\377\000P\000r\000o\000g\000r\000a\000m\000\040\000S\000y\000n\000t\000h\000e\000s\000i\000s}{section.3.2}% 26
\BOOKMARK [1][-]{section.3.3}{\376\377\000D\000i\000s\000c\000u\000s\000s\000i\000o\000n}{chapter.3}% 27
\BOOKMARK [0][-]{chapter.4}{\376\377\000O\000u\000r\000\040\000a\000p\000p\000r\000o\000a\000c\000h}{}% 28
\BOOKMARK [1][-]{section.4.1}{\376\377\000O\000v\000e\000r\000v\000i\000e\000w}{chapter.4}% 29
\BOOKMARK [2][-]{subsection.4.1.1}{\376\377\000A\000s\000s\000u\000m\000p\000t\000i\000o\000n\000s}{section.4.1}% 30
\BOOKMARK [1][-]{section.4.2}{\376\377\000U\000n\000d\000e\000r\000s\000t\000a\000n\000d\000i\000n\000g\000\040\000t\000h\000e\000\040\000V\000M}{chapter.4}% 31
\BOOKMARK [2][-]{subsection.4.2.1}{\376\377\000S\000t\000a\000t\000i\000c\000\040\000A\000n\000a\000l\000y\000s\000i\000s}{section.4.2}% 32
\BOOKMARK [2][-]{subsection.4.2.2}{\376\377\000A\000u\000t\000o\000m\000a\000t\000i\000c\000\040\000C\000o\000d\000e\000\040\000S\000u\000m\000m\000a\000r\000i\000s\000a\000t\000i\000o\000n\000\040\000u\000s\000i\000n\000g\000\040\000M\000i\000a\000s\000m}{section.4.2}% 33
\BOOKMARK [1][-]{section.4.3}{\376\377\000S\000u\000m\000m\000a\000r\000y\000\040\000o\000f\000\040\000A\000n\000a\000l\000y\000s\000i\000s}{chapter.4}% 34
\BOOKMARK [1][-]{section.4.4}{\376\377\000B\000u\000i\000l\000d\000i\000n\000g\000\040\000a\000n\000\040\000a\000n\000g\000r\000\040\000A\000r\000c\000h\000i\000t\000e\000c\000t\000u\000r\000e\000\040\000P\000l\000u\000g\000i\000n}{chapter.4}% 35
\BOOKMARK [2][-]{subsection.4.4.1}{\376\377\000E\000x\000t\000e\000n\000d\000i\000n\000g\000\040\000t\000h\000e\000\040\000A\000r\000c\000h\000\040\000D\000a\000t\000a\000b\000a\000s\000e}{section.4.4}% 36
\BOOKMARK [2][-]{subsection.4.4.2}{\376\377\000W\000r\000i\000t\000i\000n\000g\000\040\000a\000\040\000L\000o\000a\000d\000e\000r}{section.4.4}% 37
\BOOKMARK [2][-]{subsection.4.4.3}{\376\377\000W\000r\000i\000t\000i\000n\000g\000\040\000a\000\040\000L\000i\000f\000t\000e\000r}{section.4.4}% 38
\BOOKMARK [2][-]{subsection.4.4.4}{\376\377\000W\000r\000i\000t\000i\000n\000g\000\040\000a\000\040\000S\000i\000m\000O\000S}{section.4.4}% 39
\BOOKMARK [1][-]{section.4.5}{\376\377\000P\000l\000u\000g\000i\000n\000\040\000G\000e\000n\000e\000r\000a\000t\000i\000o\000n\000\040\000-\000\040\000a\000r\000c\000h\000-\000g\000e\000n\000e\000s\000i\000s}{chapter.4}% 40
\BOOKMARK [2][-]{subsection.4.5.1}{\376\377\000D\000i\000s\000a\000s\000s\000e\000m\000b\000l\000e\000r}{section.4.5}% 41
\BOOKMARK [1][-]{section.4.6}{\376\377\000F\000u\000r\000t\000h\000e\000r\000\040\000A\000n\000a\000l\000y\000s\000i\000s}{chapter.4}% 42
\BOOKMARK [2][-]{subsection.4.6.1}{\376\377\000S\000o\000l\000v\000i\000n\000g\000\040\000t\000h\000e\000\040\000C\000h\000a\000l\000l\000e\000n\000g\000e\000s}{section.4.6}% 43
\BOOKMARK [1][-]{section.4.7}{\376\377\000D\000i\000s\000c\000u\000s\000s\000i\000o\000n}{chapter.4}% 44
\BOOKMARK [2][-]{subsection.4.7.1}{\376\377\000a\000n\000g\000r\000\040\000v\000s\000\040\000M\000i\000a\000s\000m}{section.4.7}% 45
\BOOKMARK [2][-]{subsection.4.7.2}{\376\377\000D\000i\000f\000f\000i\000c\000u\000l\000t\000i\000e\000s\000\040\000a\000n\000d\000\040\000S\000h\000o\000r\000t\000c\000o\000m\000i\000n\000g\000s}{section.4.7}% 46
\BOOKMARK [2][-]{subsection.4.7.3}{\376\377\000F\000u\000t\000u\000r\000e\000\040\000D\000i\000r\000e\000c\000t\000i\000o\000n\000s}{section.4.7}% 47
\BOOKMARK [0][-]{chapter.5}{\376\377\000C\000o\000n\000c\000l\000u\000s\000i\000o\000n\000s}{}% 48
\BOOKMARK [0][-]{chapter.5}{\376\377\000L\000i\000s\000t\000\040\000o\000f\000\040\000L\000i\000s\000t\000i\000n\000g\000s}{}% 49
\BOOKMARK [0][-]{chapter*.11}{\376\377\000L\000i\000s\000t\000\040\000o\000f\000\040\000F\000i\000g\000u\000r\000e\000s}{}% 50
\BOOKMARK [0][-]{section*.13}{\376\377\000G\000l\000o\000s\000s\000a\000r\000y}{}% 51
\BOOKMARK [0][-]{chapter*.15}{\376\377\000B\000i\000b\000l\000i\000o\000g\000r\000a\000p\000h\000y}{}% 52
\BOOKMARK [0][-]{section*.16}{\376\377\000A\000p\000p\000e\000n\000d\000i\000c\000e\000s}{}% 53
